# JRE version: Java(TM) SE Runtime Environment (8.0_361) (build 1.8.0_361-b09)
# Java VM: Java HotSpot(TM) 64-Bit Server VM (25.361-b09 mixed mode bsd-amd64 compressed oops)
Heap:
 PSYoungGen      total 203776K, used 86209K [0x0000000795580000, 0x00000007a3b80000, 0x00000007c0000000)
  eden space 187904K, 45% used [0x0000000795580000,0x000000079a9b0450,0x00000007a0d00000)
  from space 15872K, 0% used [0x00000007a0d00000,0x00000007a0d00000,0x00000007a1c80000)
  to   space 15872K, 0% used [0x00000007a2c00000,0x00000007a2c00000,0x00000007a3b80000)
 ParOldGen       total 92160K, used 14191K [0x0000000740000000, 0x0000000745a00000, 0x0000000795580000)
  object space 92160K, 15% used [0x0000000740000000,0x0000000740ddbd60,0x0000000745a00000)
 Metaspace       used 36509K, capacity 39088K, committed 39168K, reserved 1083392K
  class space    used 4880K, capacity 5331K, committed 5376K, reserved 1048576K
GC Heap History (10 events):
Event: 3.044 GC heap before
{Heap before GC invocations=7 (full 2):
 PSYoungGen      total 138240K, used 5104K [0x0000000795580000, 0x00000007a2b80000, 0x00000007c0000000)
  eden space 133120K, 0% used [0x0000000795580000,0x0000000795580000,0x000000079d780000)
  from space 5120K, 99% used [0x000000079d780000,0x000000079dc7c030,0x000000079dc80000)
  to   space 15360K, 0% used [0x00000007a1c80000,0x00000007a1c80000,0x00000007a2b80000)
 ParOldGen       total 58880K, used 22463K [0x0000000740000000, 0x0000000743980000, 0x0000000795580000)
  object space 58880K, 38% used [0x0000000740000000,0x00000007415efd70,0x0000000743980000)
 Metaspace       used 33231K, capacity 35472K, committed 35496K, reserved 1079296K
  class space    used 4455K, capacity 4856K, committed 4864K, reserved 1048576K
Event: 3.098 GC heap after
Heap after GC invocations=7 (full 2):
 PSYoungGen      total 138240K, used 0K [0x0000000795580000, 0x00000007a2b80000, 0x00000007c0000000)
  eden space 133120K, 0% used [0x0000000795580000,0x0000000795580000,0x000000079d780000)
  from space 5120K, 0% used [0x000000079d780000,0x000000079d780000,0x000000079dc80000)
  to   space 15360K, 0% used [0x00000007a1c80000,0x00000007a1c80000,0x00000007a2b80000)
 ParOldGen       total 92160K, used 19933K [0x0000000740000000, 0x0000000745a00000, 0x0000000795580000)
  object space 92160K, 21% used [0x0000000740000000,0x0000000741377788,0x0000000745a00000)
 Metaspace       used 33231K, capacity 35472K, committed 35496K, reserved 1079296K
  class space    used 4455K, capacity 4856K, committed 4864K, reserved 1048576K
}
Event: 587.915 GC heap before
{Heap before GC invocations=8 (full 2):
 PSYoungGen      total 138240K, used 89875K [0x0000000795580000, 0x00000007a2b80000, 0x00000007c0000000)
  eden space 133120K, 67% used [0x0000000795580000,0x000000079ad44e70,0x000000079d780000)
  from space 5120K, 0% used [0x000000079d780000,0x000000079d780000,0x000000079dc80000)
  to   space 15360K, 0% used [0x00000007a1c80000,0x00000007a1c80000,0x00000007a2b80000)
 ParOldGen       total 92160K, used 19933K [0x0000000740000000, 0x0000000745a00000, 0x0000000795580000)
  object space 92160K, 21% used [0x0000000740000000,0x0000000741377788,0x0000000745a00000)
 Metaspace       used 36389K, capacity 38860K, committed 39168K, reserved 1083392K
  class space    used 4866K, capacity 5311K, committed 5376K, reserved 1048576K
Event: 587.936 GC heap after
Heap after GC invocations=8 (full 2):
 PSYoungGen      total 203264K, used 3163K [0x0000000795580000, 0x00000007a3b80000, 0x00000007c0000000)
  eden space 187904K, 0% used [0x0000000795580000,0x0000000795580000,0x00000007a0d00000)
  from space 15360K, 20% used [0x00000007a1c80000,0x00000007a1f96c38,0x00000007a2b80000)
  to   space 15872K, 0% used [0x00000007a0d00000,0x00000007a0d00000,0x00000007a1c80000)
 ParOldGen       total 92160K, used 19941K [0x0000000740000000, 0x0000000745a00000, 0x0000000795580000)
  object space 92160K, 21% used [0x0000000740000000,0x0000000741379788,0x0000000745a00000)
 Metaspace       used 36389K, capacity 38860K, committed 39168K, reserved 1083392K
  class space    used 4866K, capacity 5311K, committed 5376K, reserved 1048576K
}
Event: 587.937 GC heap before
{Heap before GC invocations=9 (full 3):
 PSYoungGen      total 203264K, used 3163K [0x0000000795580000, 0x00000007a3b80000, 0x00000007c0000000)
  eden space 187904K, 0% used [0x0000000795580000,0x0000000795580000,0x00000007a0d00000)
  from space 15360K, 20% used [0x00000007a1c80000,0x00000007a1f96c38,0x00000007a2b80000)
  to   space 15872K, 0% used [0x00000007a0d00000,0x00000007a0d00000,0x00000007a1c80000)
 ParOldGen       total 92160K, used 19941K [0x0000000740000000, 0x0000000745a00000, 0x0000000795580000)
  object space 92160K, 21% used [0x0000000740000000,0x0000000741379788,0x0000000745a00000)
 Metaspace       used 36389K, capacity 38860K, committed 39168K, reserved 1083392K
  class space    used 4866K, capacity 5311K, committed 5376K, reserved 1048576K
Event: 588.019 GC heap after
Heap after GC invocations=9 (full 3):
 PSYoungGen      total 203264K, used 0K [0x0000000795580000, 0x00000007a3b80000, 0x00000007c0000000)
  eden space 187904K, 0% used [0x0000000795580000,0x0000000795580000,0x00000007a0d00000)
  from space 15360K, 0% used [0x00000007a1c80000,0x00000007a1c80000,0x00000007a2b80000)
  to   space 15872K, 0% used [0x00000007a0d00000,0x00000007a0d00000,0x00000007a1c80000)
 ParOldGen       total 92160K, used 15337K [0x0000000740000000, 0x0000000745a00000, 0x0000000795580000)
  object space 92160K, 16% used [0x0000000740000000,0x0000000740efa620,0x0000000745a00000)
 Metaspace       used 36389K, capacity 38860K, committed 39168K, reserved 1083392K
  class space    used 4866K, capacity 5311K, committed 5376K, reserved 1048576K
}
Event: 653.031 GC heap before
{Heap before GC invocations=10 (full 3):
 PSYoungGen      total 203264K, used 81745K [0x0000000795580000, 0x00000007a3b80000, 0x00000007c0000000)
  eden space 187904K, 43% used [0x0000000795580000,0x000000079a5544d0,0x00000007a0d00000)
  from space 15360K, 0% used [0x00000007a1c80000,0x00000007a1c80000,0x00000007a2b80000)
  to   space 15872K, 0% used [0x00000007a0d00000,0x00000007a0d00000,0x00000007a1c80000)
 ParOldGen       total 92160K, used 15337K [0x0000000740000000, 0x0000000745a00000, 0x0000000795580000)
  object space 92160K, 16% used [0x0000000740000000,0x0000000740efa620,0x0000000745a00000)
 Metaspace       used 36448K, capacity 38982K, committed 39168K, reserved 1083392K
  class space    used 4875K, capacity 5324K, committed 5376K, reserved 1048576K
Event: 653.042 GC heap after
Heap after GC invocations=10 (full 3):
 PSYoungGen      total 203776K, used 3350K [0x0000000795580000, 0x00000007a3b80000, 0x00000007c0000000)
  eden space 187904K, 0% used [0x0000000795580000,0x0000000795580000,0x00000007a0d00000)
  from space 15872K, 21% used [0x00000007a0d00000,0x00000007a10459f8,0x00000007a1c80000)
  to   space 15872K, 0% used [0x00000007a2c00000,0x00000007a2c00000,0x00000007a3b80000)
 ParOldGen       total 92160K, used 15345K [0x0000000740000000, 0x0000000745a00000, 0x0000000795580000)
  object space 92160K, 16% used [0x0000000740000000,0x0000000740efc620,0x0000000745a00000)
 Metaspace       used 36448K, capacity 38982K, committed 39168K, reserved 1083392K
  class space    used 4875K, capacity 5324K, committed 5376K, reserved 1048576K
}
Event: 653.042 GC heap before
{Heap before GC invocations=11 (full 4):
 PSYoungGen      total 203776K, used 3350K [0x0000000795580000, 0x00000007a3b80000, 0x00000007c0000000)
  eden space 187904K, 0% used [0x0000000795580000,0x0000000795580000,0x00000007a0d00000)
  from space 15872K, 21% used [0x00000007a0d00000,0x00000007a10459f8,0x00000007a1c80000)
  to   space 15872K, 0% used [0x00000007a2c00000,0x00000007a2c00000,0x00000007a3b80000)
 ParOldGen       total 92160K, used 15345K [0x0000000740000000, 0x0000000745a00000, 0x0000000795580000)
  object space 92160K, 16% used [0x0000000740000000,0x0000000740efc620,0x0000000745a00000)
 Metaspace       used 36448K, capacity 38982K, committed 39168K, reserved 1083392K
  class space    used 4875K, capacity 5324K, committed 5376K, reserved 1048576K
Event: 653.135 GC heap after
Heap after GC invocations=11 (full 4):
 PSYoungGen      total 203776K, used 0K [0x0000000795580000, 0x00000007a3b80000, 0x00000007c0000000)
  eden space 187904K, 0% used [0x0000000795580000,0x0000000795580000,0x00000007a0d00000)
  from space 15872K, 0% used [0x00000007a0d00000,0x00000007a0d00000,0x00000007a1c80000)
  to   space 15872K, 0% used [0x00000007a2c00000,0x00000007a2c00000,0x00000007a3b80000)
 ParOldGen       total 92160K, used 14191K [0x0000000740000000, 0x0000000745a00000, 0x0000000795580000)
  object space 92160K, 15% used [0x0000000740000000,0x0000000740ddbd60,0x0000000745a00000)
 Metaspace       used 36446K, capacity 38976K, committed 39168K, reserved 1083392K
  class space    used 4874K, capacity 5322K, committed 5376K, reserved 1048576K
}

